<?xml version="1.0" encoding="UTF-8"?>
<beans xmlns="http://www.springframework.org/schema/beans"
	xmlns:xsi="http://www.w3.org/2001/XMLSchema-instance" xmlns:context="http://www.springframework.org/schema/context"
	xmlns:jee="http://www.springframework.org/schema/jee"
	xmlns:jaxrs="http://cxf.apache.org/jaxrs"
	xmlns:tx="http://www.springframework.org/schema/tx"
	xsi:schemaLocation="
	   	http://www.springframework.org/schema/beans http://www.springframework.org/schema/beans/spring-beans-4.1.xsd
        http://www.springframework.org/schema/context http://www.springframework.org/schema/context/spring-context-4.1.xsd
   		http://www.springframework.org/schema/jee http://www.springframework.org/schema/jee/spring-jee-3.0.xsd
		http://cxf.apache.org/jaxrs http://cxf.apache.org/schemas/jaxrs.xsd
		http://www.springframework.org/schema/tx http://www.springframework.org/schema/tx/spring-tx-3.0.xsd">

	<import resource="classpath:META-INF/config-context.xml"/>
	
	<context:annotation-config />
<bean id="dataSource" class="org.springframework.jdbc.datasource.DriverManagerDataSource">
	    <property name="driverClassName" value="org.postgresql.Driver" />
	    <property name="url" value="jdbc:postgresql://burb-avcdb-d001.dev.vubiquity.com:5432/keyservice" />
	    <property name="username" value="keyservice" />
	    <property name="password" value="keyservice" />
	</bean>
	<bean id="entityManagerFactory" class="org.springframework.orm.jpa.LocalContainerEntityManagerFactoryBean" >
	 	<property name="dataSource" ref="dataSource"/>
		<property name="loadTimeWeaver">
			<bean class="org.springframework.instrument.classloading.InstrumentationLoadTimeWeaver"/>
		</property>
	</bean>  

	<bean id="transactionManager" class="org.springframework.orm.jpa.JpaTransactionManager">
		<property name="entityManagerFactory" ref="entityManagerFactory" />
	</bean>
	<tx:annotation-driven transaction-manager="transactionManager" />	
	<bean
		class="org.springframework.orm.jpa.support.PersistenceAnnotationBeanPostProcessor" />

	<bean
		class="org.springframework.dao.annotation.PersistenceExceptionTranslationPostProcessor" />
		
			<context:component-scan base-package="
 		com.vu.au.key.services
 		com.vu.au.key.services.impl
 		com.vu.au.key.dao
 		com.vu.au.key.dao.impl
 		com.vu.au.key.models
 		com.vu.au.key.generator
 		com.vu.au.key.generator.impl
 		com.vu.au.helpers" />
 		
</beans>